<?xml version="1.0" encoding="UTF-8"?>
<!-- Generated by org.testng.reporters.JUnitReportReporter -->
<testsuite hostname="LAPTOP-C1KGDM9L" failures="0" tests="5" name="com.testng.TestNG" time="10.524" errors="0" timestamp="2023-03-04T12:20:49 IST" skipped="0">
  <testcase classname="com.testng.TestNG" name="search" time="0.255"/>
  <system-out/>
  <testcase classname="com.testng.TestNG" name="samsungModels" time="0.185"/>
  <system-out/>
  <testcase classname="com.testng.TestNG" name="screenShot" time="3.317"/>
  <system-out/>
  <testcase classname="com.testng.TestNG" name="screenShot" time="3.432"/>
  <system-out/>
  <testcase classname="com.testng.TestNG" name="screenShot" time="3.335"/>
  <system-out/>
</testsuite> <!-- com.testng.TestNG -->
