<?xml version="1.0" encoding="UTF-8"?>
<!-- Generated by org.testng.reporters.JUnitReportReporter -->
<testsuite hostname="LAPTOP-C1KGDM9L" failures="0" tests="7" name="com.testng.RedBus" time="21.108" errors="0" timestamp="2023-03-05T18:37:44 IST" skipped="0">
  <testcase classname="com.testng.RedBus" name="launch_the_url" time="9.924"/>
  <system-out/>
  <testcase classname="com.testng.RedBus" name="from_place" time="3.191"/>
  <system-out/>
  <testcase classname="com.testng.RedBus" name="to_place" time="0.171"/>
  <system-out/>
  <testcase classname="com.testng.RedBus" name="choose_date" time="3.335"/>
  <system-out/>
  <testcase classname="com.testng.RedBus" name="search" time="0.147"/>
  <system-out/>
  <testcase classname="com.testng.RedBus" name="take_screenshot" time="0.739"/>
  <system-out/>
  <testcase classname="com.testng.RedBus" name="quit_the_browser" time="3.601"/>
  <system-out/>
</testsuite> <!-- com.testng.RedBus -->
